Build started 11/19/2018 8:31:15 PM.
     1>Project "C:\Users\shubham\Desktop\IIT_Guwahati\Semester1\speech_processing\FinalVersion1\TILE_FLIP\Train_model_for_color\Train_model_for_color\Train_model_for_color.vcxproj" on node 2 (build target(s)).
     1>InitializeBuildStatus:
         Creating "Debug\Train_model_for_color.unsuccessfulbuild" because "AlwaysCreate" was specified.
       ClCompile:
         All outputs are up-to-date.
         C:\Program Files (x86)\Microsoft Visual Studio 10.0\VC\bin\CL.exe /c /ZI /nologo /W3 /WX- /Od /Oy- /D WIN32 /D _DEBUG /D _CONSOLE /D _UNICODE /D UNICODE /Gm /EHsc /RTC1 /MDd /GS /fp:precise /Zc:wchar_t /Zc:forScope /Yu"StdAfx.h" /Fp"Debug\Train_model_for_color.pch" /Fo"Debug\\" /Fd"Debug\vc100.pdb" /Gd /TP /analyze- /errorReport:prompt Train_model_for_color.cpp
         Train_model_for_color.cpp
     1>c:\users\shubham\desktop\iit_guwahati\semester1\speech_processing\finalversion1\tile_flip\train_model_for_color\train_model_for_color\train_model_for_color.cpp(36): warning C4005: 'INT_MAX' : macro redefinition
                 c:\program files (x86)\microsoft visual studio 10.0\vc\include\limits.h(41) : see previous definition of 'INT_MAX'
     1>c:\users\shubham\desktop\iit_guwahati\semester1\speech_processing\finalversion1\tile_flip\train_model_for_color\train_model_for_color\train_model_for_color.cpp(272): warning C4996: 'fscanf': This function or variable may be unsafe. Consider using fscanf_s instead. To disable deprecation, use _CRT_SECURE_NO_WARNINGS. See online help for details.
                 c:\program files (x86)\microsoft visual studio 10.0\vc\include\stdio.h(253) : see declaration of 'fscanf'
     1>c:\users\shubham\desktop\iit_guwahati\semester1\speech_processing\finalversion1\tile_flip\train_model_for_color\train_model_for_color\train_model_for_color.cpp(317): warning C4996: 'fscanf': This function or variable may be unsafe. Consider using fscanf_s instead. To disable deprecation, use _CRT_SECURE_NO_WARNINGS. See online help for details.
                 c:\program files (x86)\microsoft visual studio 10.0\vc\include\stdio.h(253) : see declaration of 'fscanf'
     1>c:\users\shubham\desktop\iit_guwahati\semester1\speech_processing\finalversion1\tile_flip\train_model_for_color\train_model_for_color\train_model_for_color.cpp(352): warning C4996: 'fscanf': This function or variable may be unsafe. Consider using fscanf_s instead. To disable deprecation, use _CRT_SECURE_NO_WARNINGS. See online help for details.
                 c:\program files (x86)\microsoft visual studio 10.0\vc\include\stdio.h(253) : see declaration of 'fscanf'
     1>c:\users\shubham\desktop\iit_guwahati\semester1\speech_processing\finalversion1\tile_flip\train_model_for_color\train_model_for_color\train_model_for_color.cpp(398): warning C4996: 'fscanf': This function or variable may be unsafe. Consider using fscanf_s instead. To disable deprecation, use _CRT_SECURE_NO_WARNINGS. See online help for details.
                 c:\program files (x86)\microsoft visual studio 10.0\vc\include\stdio.h(253) : see declaration of 'fscanf'
     1>c:\users\shubham\desktop\iit_guwahati\semester1\speech_processing\finalversion1\tile_flip\train_model_for_color\train_model_for_color\train_model_for_color.cpp(617): warning C4996: 'fscanf': This function or variable may be unsafe. Consider using fscanf_s instead. To disable deprecation, use _CRT_SECURE_NO_WARNINGS. See online help for details.
                 c:\program files (x86)\microsoft visual studio 10.0\vc\include\stdio.h(253) : see declaration of 'fscanf'
     1>c:\users\shubham\desktop\iit_guwahati\semester1\speech_processing\finalversion1\tile_flip\train_model_for_color\train_model_for_color\train_model_for_color.cpp(722): warning C4244: '=' : conversion from '__int64' to 'int', possible loss of data
     1>c:\users\shubham\desktop\iit_guwahati\semester1\speech_processing\finalversion1\tile_flip\train_model_for_color\train_model_for_color\train_model_for_color.cpp(723): warning C4244: '=' : conversion from '__int64' to 'int', possible loss of data
     1>c:\users\shubham\desktop\iit_guwahati\semester1\speech_processing\finalversion1\tile_flip\train_model_for_color\train_model_for_color\train_model_for_color.cpp(696): warning C4101: 'j' : unreferenced local variable
     1>c:\users\shubham\desktop\iit_guwahati\semester1\speech_processing\finalversion1\tile_flip\train_model_for_color\train_model_for_color\train_model_for_color.cpp(828): warning C4996: 'fscanf': This function or variable may be unsafe. Consider using fscanf_s instead. To disable deprecation, use _CRT_SECURE_NO_WARNINGS. See online help for details.
                 c:\program files (x86)\microsoft visual studio 10.0\vc\include\stdio.h(253) : see declaration of 'fscanf'
     1>c:\users\shubham\desktop\iit_guwahati\semester1\speech_processing\finalversion1\tile_flip\train_model_for_color\train_model_for_color\train_model_for_color.cpp(924): warning C4996: 'fopen': This function or variable may be unsafe. Consider using fopen_s instead. To disable deprecation, use _CRT_SECURE_NO_WARNINGS. See online help for details.
                 c:\program files (x86)\microsoft visual studio 10.0\vc\include\stdio.h(234) : see declaration of 'fopen'
     1>c:\users\shubham\desktop\iit_guwahati\semester1\speech_processing\finalversion1\tile_flip\train_model_for_color\train_model_for_color\train_model_for_color.cpp(930): warning C4996: 'fscanf': This function or variable may be unsafe. Consider using fscanf_s instead. To disable deprecation, use _CRT_SECURE_NO_WARNINGS. See online help for details.
                 c:\program files (x86)\microsoft visual studio 10.0\vc\include\stdio.h(253) : see declaration of 'fscanf'
     1>c:\users\shubham\desktop\iit_guwahati\semester1\speech_processing\finalversion1\tile_flip\train_model_for_color\train_model_for_color\train_model_for_color.cpp(942): warning C4244: '=' : conversion from '__int64' to 'long', possible loss of data
     1>c:\users\shubham\desktop\iit_guwahati\semester1\speech_processing\finalversion1\tile_flip\train_model_for_color\train_model_for_color\train_model_for_color.cpp(963): warning C4996: 'fopen': This function or variable may be unsafe. Consider using fopen_s instead. To disable deprecation, use _CRT_SECURE_NO_WARNINGS. See online help for details.
                 c:\program files (x86)\microsoft visual studio 10.0\vc\include\stdio.h(234) : see declaration of 'fopen'
     1>c:\users\shubham\desktop\iit_guwahati\semester1\speech_processing\finalversion1\tile_flip\train_model_for_color\train_model_for_color\train_model_for_color.cpp(968): warning C4996: 'fscanf': This function or variable may be unsafe. Consider using fscanf_s instead. To disable deprecation, use _CRT_SECURE_NO_WARNINGS. See online help for details.
                 c:\program files (x86)\microsoft visual studio 10.0\vc\include\stdio.h(253) : see declaration of 'fscanf'
     1>c:\users\shubham\desktop\iit_guwahati\semester1\speech_processing\finalversion1\tile_flip\train_model_for_color\train_model_for_color\train_model_for_color.cpp(1012): warning C4996: 'fopen': This function or variable may be unsafe. Consider using fopen_s instead. To disable deprecation, use _CRT_SECURE_NO_WARNINGS. See online help for details.
                 c:\program files (x86)\microsoft visual studio 10.0\vc\include\stdio.h(234) : see declaration of 'fopen'
     1>c:\users\shubham\desktop\iit_guwahati\semester1\speech_processing\finalversion1\tile_flip\train_model_for_color\train_model_for_color\train_model_for_color.cpp(1013): warning C4996: 'fopen': This function or variable may be unsafe. Consider using fopen_s instead. To disable deprecation, use _CRT_SECURE_NO_WARNINGS. See online help for details.
                 c:\program files (x86)\microsoft visual studio 10.0\vc\include\stdio.h(234) : see declaration of 'fopen'
     1>c:\users\shubham\desktop\iit_guwahati\semester1\speech_processing\finalversion1\tile_flip\train_model_for_color\train_model_for_color\train_model_for_color.cpp(1014): warning C4996: 'fopen': This function or variable may be unsafe. Consider using fopen_s instead. To disable deprecation, use _CRT_SECURE_NO_WARNINGS. See online help for details.
                 c:\program files (x86)\microsoft visual studio 10.0\vc\include\stdio.h(234) : see declaration of 'fopen'
     1>c:\users\shubham\desktop\iit_guwahati\semester1\speech_processing\finalversion1\tile_flip\train_model_for_color\train_model_for_color\train_model_for_color.cpp(1021): warning C4996: 'fscanf': This function or variable may be unsafe. Consider using fscanf_s instead. To disable deprecation, use _CRT_SECURE_NO_WARNINGS. See online help for details.
                 c:\program files (x86)\microsoft visual studio 10.0\vc\include\stdio.h(253) : see declaration of 'fscanf'
     1>c:\users\shubham\desktop\iit_guwahati\semester1\speech_processing\finalversion1\tile_flip\train_model_for_color\train_model_for_color\train_model_for_color.cpp(1030): warning C4996: 'fscanf': This function or variable may be unsafe. Consider using fscanf_s instead. To disable deprecation, use _CRT_SECURE_NO_WARNINGS. See online help for details.
                 c:\program files (x86)\microsoft visual studio 10.0\vc\include\stdio.h(253) : see declaration of 'fscanf'
     1>c:\users\shubham\desktop\iit_guwahati\semester1\speech_processing\finalversion1\tile_flip\train_model_for_color\train_model_for_color\train_model_for_color.cpp(1037): warning C4996: 'fscanf': This function or variable may be unsafe. Consider using fscanf_s instead. To disable deprecation, use _CRT_SECURE_NO_WARNINGS. See online help for details.
                 c:\program files (x86)\microsoft visual studio 10.0\vc\include\stdio.h(253) : see declaration of 'fscanf'
     1>c:\users\shubham\desktop\iit_guwahati\semester1\speech_processing\finalversion1\tile_flip\train_model_for_color\train_model_for_color\train_model_for_color.cpp(1060): warning C4101: 'j' : unreferenced local variable
     1>c:\users\shubham\desktop\iit_guwahati\semester1\speech_processing\finalversion1\tile_flip\train_model_for_color\train_model_for_color\train_model_for_color.cpp(1084): warning C4996: 'fopen': This function or variable may be unsafe. Consider using fopen_s instead. To disable deprecation, use _CRT_SECURE_NO_WARNINGS. See online help for details.
                 c:\program files (x86)\microsoft visual studio 10.0\vc\include\stdio.h(234) : see declaration of 'fopen'
     1>c:\users\shubham\desktop\iit_guwahati\semester1\speech_processing\finalversion1\tile_flip\train_model_for_color\train_model_for_color\train_model_for_color.cpp(1146): warning C4101: 'j' : unreferenced local variable
     1>c:\users\shubham\desktop\iit_guwahati\semester1\speech_processing\finalversion1\tile_flip\train_model_for_color\train_model_for_color\train_model_for_color.cpp(1166): warning C4996: 'fopen': This function or variable may be unsafe. Consider using fopen_s instead. To disable deprecation, use _CRT_SECURE_NO_WARNINGS. See online help for details.
                 c:\program files (x86)\microsoft visual studio 10.0\vc\include\stdio.h(234) : see declaration of 'fopen'
     1>c:\users\shubham\desktop\iit_guwahati\semester1\speech_processing\finalversion1\tile_flip\train_model_for_color\train_model_for_color\train_model_for_color.cpp(1258): warning C4101: 'j' : unreferenced local variable
     1>c:\users\shubham\desktop\iit_guwahati\semester1\speech_processing\finalversion1\tile_flip\train_model_for_color\train_model_for_color\train_model_for_color.cpp(1291): warning C4101: 't' : unreferenced local variable
     1>c:\users\shubham\desktop\iit_guwahati\semester1\speech_processing\finalversion1\tile_flip\train_model_for_color\train_model_for_color\train_model_for_color.cpp(1291): warning C4101: 'j' : unreferenced local variable
     1>c:\users\shubham\desktop\iit_guwahati\semester1\speech_processing\finalversion1\tile_flip\train_model_for_color\train_model_for_color\train_model_for_color.cpp(1328): warning C4244: '=' : conversion from '__int64' to 'long', possible loss of data
     1>c:\users\shubham\desktop\iit_guwahati\semester1\speech_processing\finalversion1\tile_flip\train_model_for_color\train_model_for_color\train_model_for_color.cpp(1357): warning C4244: '=' : conversion from '__int64' to 'long', possible loss of data
     1>c:\users\shubham\desktop\iit_guwahati\semester1\speech_processing\finalversion1\tile_flip\train_model_for_color\train_model_for_color\train_model_for_color.cpp(1438): warning C4996: 'fopen': This function or variable may be unsafe. Consider using fopen_s instead. To disable deprecation, use _CRT_SECURE_NO_WARNINGS. See online help for details.
                 c:\program files (x86)\microsoft visual studio 10.0\vc\include\stdio.h(234) : see declaration of 'fopen'
     1>c:\users\shubham\desktop\iit_guwahati\semester1\speech_processing\finalversion1\tile_flip\train_model_for_color\train_model_for_color\train_model_for_color.cpp(1505): warning C4101: 'j' : unreferenced local variable
     1>c:\users\shubham\desktop\iit_guwahati\semester1\speech_processing\finalversion1\tile_flip\train_model_for_color\train_model_for_color\train_model_for_color.cpp(1598): warning C4101: 't' : unreferenced local variable
     1>c:\users\shubham\desktop\iit_guwahati\semester1\speech_processing\finalversion1\tile_flip\train_model_for_color\train_model_for_color\train_model_for_color.cpp(1730): warning C4101: 't' : unreferenced local variable
     1>c:\users\shubham\desktop\iit_guwahati\semester1\speech_processing\finalversion1\tile_flip\train_model_for_color\train_model_for_color\train_model_for_color.cpp(1893): warning C4996: 'fopen': This function or variable may be unsafe. Consider using fopen_s instead. To disable deprecation, use _CRT_SECURE_NO_WARNINGS. See online help for details.
                 c:\program files (x86)\microsoft visual studio 10.0\vc\include\stdio.h(234) : see declaration of 'fopen'
     1>c:\users\shubham\desktop\iit_guwahati\semester1\speech_processing\finalversion1\tile_flip\train_model_for_color\train_model_for_color\train_model_for_color.cpp(1894): warning C4996: 'fopen': This function or variable may be unsafe. Consider using fopen_s instead. To disable deprecation, use _CRT_SECURE_NO_WARNINGS. See online help for details.
                 c:\program files (x86)\microsoft visual studio 10.0\vc\include\stdio.h(234) : see declaration of 'fopen'
     1>c:\users\shubham\desktop\iit_guwahati\semester1\speech_processing\finalversion1\tile_flip\train_model_for_color\train_model_for_color\train_model_for_color.cpp(1901): warning C4996: 'fscanf': This function or variable may be unsafe. Consider using fscanf_s instead. To disable deprecation, use _CRT_SECURE_NO_WARNINGS. See online help for details.
                 c:\program files (x86)\microsoft visual studio 10.0\vc\include\stdio.h(253) : see declaration of 'fscanf'
     1>c:\users\shubham\desktop\iit_guwahati\semester1\speech_processing\finalversion1\tile_flip\train_model_for_color\train_model_for_color\train_model_for_color.cpp(1910): warning C4996: 'fscanf': This function or variable may be unsafe. Consider using fscanf_s instead. To disable deprecation, use _CRT_SECURE_NO_WARNINGS. See online help for details.
                 c:\program files (x86)\microsoft visual studio 10.0\vc\include\stdio.h(253) : see declaration of 'fscanf'
     1>c:\users\shubham\desktop\iit_guwahati\semester1\speech_processing\finalversion1\tile_flip\train_model_for_color\train_model_for_color\train_model_for_color.cpp(2026): warning C4996: 'fscanf': This function or variable may be unsafe. Consider using fscanf_s instead. To disable deprecation, use _CRT_SECURE_NO_WARNINGS. See online help for details.
                 c:\program files (x86)\microsoft visual studio 10.0\vc\include\stdio.h(253) : see declaration of 'fscanf'
     1>c:\users\shubham\desktop\iit_guwahati\semester1\speech_processing\finalversion1\tile_flip\train_model_for_color\train_model_for_color\train_model_for_color.cpp(2088): warning C4996: 'strcpy': This function or variable may be unsafe. Consider using strcpy_s instead. To disable deprecation, use _CRT_SECURE_NO_WARNINGS. See online help for details.
                 c:\program files (x86)\microsoft visual studio 10.0\vc\include\string.h(105) : see declaration of 'strcpy'
     1>c:\users\shubham\desktop\iit_guwahati\semester1\speech_processing\finalversion1\tile_flip\train_model_for_color\train_model_for_color\train_model_for_color.cpp(2089): warning C4996: 'sprintf': This function or variable may be unsafe. Consider using sprintf_s instead. To disable deprecation, use _CRT_SECURE_NO_WARNINGS. See online help for details.
                 c:\program files (x86)\microsoft visual studio 10.0\vc\include\stdio.h(371) : see declaration of 'sprintf'
     1>c:\users\shubham\desktop\iit_guwahati\semester1\speech_processing\finalversion1\tile_flip\train_model_for_color\train_model_for_color\train_model_for_color.cpp(2090): warning C4996: 'strcat': This function or variable may be unsafe. Consider using strcat_s instead. To disable deprecation, use _CRT_SECURE_NO_WARNINGS. See online help for details.
                 c:\program files (x86)\microsoft visual studio 10.0\vc\include\string.h(110) : see declaration of 'strcat'
     1>c:\users\shubham\desktop\iit_guwahati\semester1\speech_processing\finalversion1\tile_flip\train_model_for_color\train_model_for_color\train_model_for_color.cpp(2091): warning C4996: 'strcat': This function or variable may be unsafe. Consider using strcat_s instead. To disable deprecation, use _CRT_SECURE_NO_WARNINGS. See online help for details.
                 c:\program files (x86)\microsoft visual studio 10.0\vc\include\string.h(110) : see declaration of 'strcat'
     1>c:\users\shubham\desktop\iit_guwahati\semester1\speech_processing\finalversion1\tile_flip\train_model_for_color\train_model_for_color\train_model_for_color.cpp(2102): warning C4996: 'strcpy': This function or variable may be unsafe. Consider using strcpy_s instead. To disable deprecation, use _CRT_SECURE_NO_WARNINGS. See online help for details.
                 c:\program files (x86)\microsoft visual studio 10.0\vc\include\string.h(105) : see declaration of 'strcpy'
     1>c:\users\shubham\desktop\iit_guwahati\semester1\speech_processing\finalversion1\tile_flip\train_model_for_color\train_model_for_color\train_model_for_color.cpp(2103): warning C4996: 'sprintf': This function or variable may be unsafe. Consider using sprintf_s instead. To disable deprecation, use _CRT_SECURE_NO_WARNINGS. See online help for details.
                 c:\program files (x86)\microsoft visual studio 10.0\vc\include\stdio.h(371) : see declaration of 'sprintf'
     1>c:\users\shubham\desktop\iit_guwahati\semester1\speech_processing\finalversion1\tile_flip\train_model_for_color\train_model_for_color\train_model_for_color.cpp(2104): warning C4996: 'strcat': This function or variable may be unsafe. Consider using strcat_s instead. To disable deprecation, use _CRT_SECURE_NO_WARNINGS. See online help for details.
                 c:\program files (x86)\microsoft visual studio 10.0\vc\include\string.h(110) : see declaration of 'strcat'
     1>c:\users\shubham\desktop\iit_guwahati\semester1\speech_processing\finalversion1\tile_flip\train_model_for_color\train_model_for_color\train_model_for_color.cpp(2105): warning C4996: 'strcat': This function or variable may be unsafe. Consider using strcat_s instead. To disable deprecation, use _CRT_SECURE_NO_WARNINGS. See online help for details.
                 c:\program files (x86)\microsoft visual studio 10.0\vc\include\string.h(110) : see declaration of 'strcat'
     1>c:\users\shubham\desktop\iit_guwahati\semester1\speech_processing\finalversion1\tile_flip\train_model_for_color\train_model_for_color\train_model_for_color.cpp(2106): warning C4996: 'sprintf': This function or variable may be unsafe. Consider using sprintf_s instead. To disable deprecation, use _CRT_SECURE_NO_WARNINGS. See online help for details.
                 c:\program files (x86)\microsoft visual studio 10.0\vc\include\stdio.h(371) : see declaration of 'sprintf'
     1>c:\users\shubham\desktop\iit_guwahati\semester1\speech_processing\finalversion1\tile_flip\train_model_for_color\train_model_for_color\train_model_for_color.cpp(2107): warning C4996: 'strcat': This function or variable may be unsafe. Consider using strcat_s instead. To disable deprecation, use _CRT_SECURE_NO_WARNINGS. See online help for details.
                 c:\program files (x86)\microsoft visual studio 10.0\vc\include\string.h(110) : see declaration of 'strcat'
     1>c:\users\shubham\desktop\iit_guwahati\semester1\speech_processing\finalversion1\tile_flip\train_model_for_color\train_model_for_color\train_model_for_color.cpp(2108): warning C4996: 'strcat': This function or variable may be unsafe. Consider using strcat_s instead. To disable deprecation, use _CRT_SECURE_NO_WARNINGS. See online help for details.
                 c:\program files (x86)\microsoft visual studio 10.0\vc\include\string.h(110) : see declaration of 'strcat'
     1>c:\users\shubham\desktop\iit_guwahati\semester1\speech_processing\finalversion1\tile_flip\train_model_for_color\train_model_for_color\train_model_for_color.cpp(2109): warning C4996: 'strcpy': This function or variable may be unsafe. Consider using strcpy_s instead. To disable deprecation, use _CRT_SECURE_NO_WARNINGS. See online help for details.
                 c:\program files (x86)\microsoft visual studio 10.0\vc\include\string.h(105) : see declaration of 'strcpy'
     1>c:\users\shubham\desktop\iit_guwahati\semester1\speech_processing\finalversion1\tile_flip\train_model_for_color\train_model_for_color\train_model_for_color.cpp(2110): warning C4996: 'strcpy': This function or variable may be unsafe. Consider using strcpy_s instead. To disable deprecation, use _CRT_SECURE_NO_WARNINGS. See online help for details.
                 c:\program files (x86)\microsoft visual studio 10.0\vc\include\string.h(105) : see declaration of 'strcpy'
     1>c:\users\shubham\desktop\iit_guwahati\semester1\speech_processing\finalversion1\tile_flip\train_model_for_color\train_model_for_color\train_model_for_color.cpp(2111): warning C4996: 'strcpy': This function or variable may be unsafe. Consider using strcpy_s instead. To disable deprecation, use _CRT_SECURE_NO_WARNINGS. See online help for details.
                 c:\program files (x86)\microsoft visual studio 10.0\vc\include\string.h(105) : see declaration of 'strcpy'
     1>c:\users\shubham\desktop\iit_guwahati\semester1\speech_processing\finalversion1\tile_flip\train_model_for_color\train_model_for_color\train_model_for_color.cpp(2112): warning C4996: 'strcat': This function or variable may be unsafe. Consider using strcat_s instead. To disable deprecation, use _CRT_SECURE_NO_WARNINGS. See online help for details.
                 c:\program files (x86)\microsoft visual studio 10.0\vc\include\string.h(110) : see declaration of 'strcat'
     1>c:\users\shubham\desktop\iit_guwahati\semester1\speech_processing\finalversion1\tile_flip\train_model_for_color\train_model_for_color\train_model_for_color.cpp(2119): warning C4996: 'fopen': This function or variable may be unsafe. Consider using fopen_s instead. To disable deprecation, use _CRT_SECURE_NO_WARNINGS. See online help for details.
                 c:\program files (x86)\microsoft visual studio 10.0\vc\include\stdio.h(234) : see declaration of 'fopen'
     1>c:\users\shubham\desktop\iit_guwahati\semester1\speech_processing\finalversion1\tile_flip\train_model_for_color\train_model_for_color\train_model_for_color.cpp(2121): warning C4996: 'fopen': This function or variable may be unsafe. Consider using fopen_s instead. To disable deprecation, use _CRT_SECURE_NO_WARNINGS. See online help for details.
                 c:\program files (x86)\microsoft visual studio 10.0\vc\include\stdio.h(234) : see declaration of 'fopen'
     1>c:\users\shubham\desktop\iit_guwahati\semester1\speech_processing\finalversion1\tile_flip\train_model_for_color\train_model_for_color\train_model_for_color.cpp(2122): warning C4996: 'fopen': This function or variable may be unsafe. Consider using fopen_s instead. To disable deprecation, use _CRT_SECURE_NO_WARNINGS. See online help for details.
                 c:\program files (x86)\microsoft visual studio 10.0\vc\include\stdio.h(234) : see declaration of 'fopen'
     1>c:\users\shubham\desktop\iit_guwahati\semester1\speech_processing\finalversion1\tile_flip\train_model_for_color\train_model_for_color\train_model_for_color.cpp(2123): warning C4996: 'fopen': This function or variable may be unsafe. Consider using fopen_s instead. To disable deprecation, use _CRT_SECURE_NO_WARNINGS. See online help for details.
                 c:\program files (x86)\microsoft visual studio 10.0\vc\include\stdio.h(234) : see declaration of 'fopen'
     1>c:\users\shubham\desktop\iit_guwahati\semester1\speech_processing\finalversion1\tile_flip\train_model_for_color\train_model_for_color\train_model_for_color.cpp(2124): warning C4996: 'fopen': This function or variable may be unsafe. Consider using fopen_s instead. To disable deprecation, use _CRT_SECURE_NO_WARNINGS. See online help for details.
                 c:\program files (x86)\microsoft visual studio 10.0\vc\include\stdio.h(234) : see declaration of 'fopen'
     1>c:\users\shubham\desktop\iit_guwahati\semester1\speech_processing\finalversion1\tile_flip\train_model_for_color\train_model_for_color\train_model_for_color.cpp(2125): warning C4996: 'fopen': This function or variable may be unsafe. Consider using fopen_s instead. To disable deprecation, use _CRT_SECURE_NO_WARNINGS. See online help for details.
                 c:\program files (x86)\microsoft visual studio 10.0\vc\include\stdio.h(234) : see declaration of 'fopen'
     1>c:\users\shubham\desktop\iit_guwahati\semester1\speech_processing\finalversion1\tile_flip\train_model_for_color\train_model_for_color\train_model_for_color.cpp(2126): warning C4996: 'fopen': This function or variable may be unsafe. Consider using fopen_s instead. To disable deprecation, use _CRT_SECURE_NO_WARNINGS. See online help for details.
                 c:\program files (x86)\microsoft visual studio 10.0\vc\include\stdio.h(234) : see declaration of 'fopen'
     1>c:\users\shubham\desktop\iit_guwahati\semester1\speech_processing\finalversion1\tile_flip\train_model_for_color\train_model_for_color\train_model_for_color.cpp(2127): warning C4996: 'fopen': This function or variable may be unsafe. Consider using fopen_s instead. To disable deprecation, use _CRT_SECURE_NO_WARNINGS. See online help for details.
                 c:\program files (x86)\microsoft visual studio 10.0\vc\include\stdio.h(234) : see declaration of 'fopen'
     1>c:\users\shubham\desktop\iit_guwahati\semester1\speech_processing\finalversion1\tile_flip\train_model_for_color\train_model_for_color\train_model_for_color.cpp(2128): warning C4996: 'fopen': This function or variable may be unsafe. Consider using fopen_s instead. To disable deprecation, use _CRT_SECURE_NO_WARNINGS. See online help for details.
                 c:\program files (x86)\microsoft visual studio 10.0\vc\include\stdio.h(234) : see declaration of 'fopen'
     1>c:\users\shubham\desktop\iit_guwahati\semester1\speech_processing\finalversion1\tile_flip\train_model_for_color\train_model_for_color\train_model_for_color.cpp(2142): warning C4996: 'fopen': This function or variable may be unsafe. Consider using fopen_s instead. To disable deprecation, use _CRT_SECURE_NO_WARNINGS. See online help for details.
                 c:\program files (x86)\microsoft visual studio 10.0\vc\include\stdio.h(234) : see declaration of 'fopen'
     1>c:\users\shubham\desktop\iit_guwahati\semester1\speech_processing\finalversion1\tile_flip\train_model_for_color\train_model_for_color\train_model_for_color.cpp(2154): warning C4996: 'fopen': This function or variable may be unsafe. Consider using fopen_s instead. To disable deprecation, use _CRT_SECURE_NO_WARNINGS. See online help for details.
                 c:\program files (x86)\microsoft visual studio 10.0\vc\include\stdio.h(234) : see declaration of 'fopen'
     1>c:\users\shubham\desktop\iit_guwahati\semester1\speech_processing\finalversion1\tile_flip\train_model_for_color\train_model_for_color\train_model_for_color.cpp(2173): warning C4996: 'fopen': This function or variable may be unsafe. Consider using fopen_s instead. To disable deprecation, use _CRT_SECURE_NO_WARNINGS. See online help for details.
                 c:\program files (x86)\microsoft visual studio 10.0\vc\include\stdio.h(234) : see declaration of 'fopen'
     1>c:\users\shubham\desktop\iit_guwahati\semester1\speech_processing\finalversion1\tile_flip\train_model_for_color\train_model_for_color\train_model_for_color.cpp(2194): warning C4996: 'fopen': This function or variable may be unsafe. Consider using fopen_s instead. To disable deprecation, use _CRT_SECURE_NO_WARNINGS. See online help for details.
                 c:\program files (x86)\microsoft visual studio 10.0\vc\include\stdio.h(234) : see declaration of 'fopen'
     1>c:\users\shubham\desktop\iit_guwahati\semester1\speech_processing\finalversion1\tile_flip\train_model_for_color\train_model_for_color\train_model_for_color.cpp(2203): warning C4996: 'strcpy': This function or variable may be unsafe. Consider using strcpy_s instead. To disable deprecation, use _CRT_SECURE_NO_WARNINGS. See online help for details.
                 c:\program files (x86)\microsoft visual studio 10.0\vc\include\string.h(105) : see declaration of 'strcpy'
     1>c:\users\shubham\desktop\iit_guwahati\semester1\speech_processing\finalversion1\tile_flip\train_model_for_color\train_model_for_color\train_model_for_color.cpp(2204): warning C4996: 'sprintf': This function or variable may be unsafe. Consider using sprintf_s instead. To disable deprecation, use _CRT_SECURE_NO_WARNINGS. See online help for details.
                 c:\program files (x86)\microsoft visual studio 10.0\vc\include\stdio.h(371) : see declaration of 'sprintf'
     1>c:\users\shubham\desktop\iit_guwahati\semester1\speech_processing\finalversion1\tile_flip\train_model_for_color\train_model_for_color\train_model_for_color.cpp(2205): warning C4996: 'strcat': This function or variable may be unsafe. Consider using strcat_s instead. To disable deprecation, use _CRT_SECURE_NO_WARNINGS. See online help for details.
                 c:\program files (x86)\microsoft visual studio 10.0\vc\include\string.h(110) : see declaration of 'strcat'
     1>c:\users\shubham\desktop\iit_guwahati\semester1\speech_processing\finalversion1\tile_flip\train_model_for_color\train_model_for_color\train_model_for_color.cpp(2206): warning C4996: 'strcat': This function or variable may be unsafe. Consider using strcat_s instead. To disable deprecation, use _CRT_SECURE_NO_WARNINGS. See online help for details.
                 c:\program files (x86)\microsoft visual studio 10.0\vc\include\string.h(110) : see declaration of 'strcat'
     1>c:\users\shubham\desktop\iit_guwahati\semester1\speech_processing\finalversion1\tile_flip\train_model_for_color\train_model_for_color\train_model_for_color.cpp(2210): warning C4996: 'fopen': This function or variable may be unsafe. Consider using fopen_s instead. To disable deprecation, use _CRT_SECURE_NO_WARNINGS. See online help for details.
                 c:\program files (x86)\microsoft visual studio 10.0\vc\include\stdio.h(234) : see declaration of 'fopen'
     1>c:\users\shubham\desktop\iit_guwahati\semester1\speech_processing\finalversion1\tile_flip\train_model_for_color\train_model_for_color\train_model_for_color.cpp(2215): warning C4996: 'strcpy': This function or variable may be unsafe. Consider using strcpy_s instead. To disable deprecation, use _CRT_SECURE_NO_WARNINGS. See online help for details.
                 c:\program files (x86)\microsoft visual studio 10.0\vc\include\string.h(105) : see declaration of 'strcpy'
     1>c:\users\shubham\desktop\iit_guwahati\semester1\speech_processing\finalversion1\tile_flip\train_model_for_color\train_model_for_color\train_model_for_color.cpp(2216): warning C4996: 'strcpy': This function or variable may be unsafe. Consider using strcpy_s instead. To disable deprecation, use _CRT_SECURE_NO_WARNINGS. See online help for details.
                 c:\program files (x86)\microsoft visual studio 10.0\vc\include\string.h(105) : see declaration of 'strcpy'
     1>c:\users\shubham\desktop\iit_guwahati\semester1\speech_processing\finalversion1\tile_flip\train_model_for_color\train_model_for_color\train_model_for_color.cpp(2217): warning C4996: 'strcpy': This function or variable may be unsafe. Consider using strcpy_s instead. To disable deprecation, use _CRT_SECURE_NO_WARNINGS. See online help for details.
                 c:\program files (x86)\microsoft visual studio 10.0\vc\include\string.h(105) : see declaration of 'strcpy'
     1>c:\users\shubham\desktop\iit_guwahati\semester1\speech_processing\finalversion1\tile_flip\train_model_for_color\train_model_for_color\train_model_for_color.cpp(2221): warning C4996: 'strcpy': This function or variable may be unsafe. Consider using strcpy_s instead. To disable deprecation, use _CRT_SECURE_NO_WARNINGS. See online help for details.
                 c:\program files (x86)\microsoft visual studio 10.0\vc\include\string.h(105) : see declaration of 'strcpy'
     1>c:\users\shubham\desktop\iit_guwahati\semester1\speech_processing\finalversion1\tile_flip\train_model_for_color\train_model_for_color\train_model_for_color.cpp(2222): warning C4996: 'sprintf': This function or variable may be unsafe. Consider using sprintf_s instead. To disable deprecation, use _CRT_SECURE_NO_WARNINGS. See online help for details.
                 c:\program files (x86)\microsoft visual studio 10.0\vc\include\stdio.h(371) : see declaration of 'sprintf'
     1>c:\users\shubham\desktop\iit_guwahati\semester1\speech_processing\finalversion1\tile_flip\train_model_for_color\train_model_for_color\train_model_for_color.cpp(2223): warning C4996: 'strcat': This function or variable may be unsafe. Consider using strcat_s instead. To disable deprecation, use _CRT_SECURE_NO_WARNINGS. See online help for details.
                 c:\program files (x86)\microsoft visual studio 10.0\vc\include\string.h(110) : see declaration of 'strcat'
     1>c:\users\shubham\desktop\iit_guwahati\semester1\speech_processing\finalversion1\tile_flip\train_model_for_color\train_model_for_color\train_model_for_color.cpp(2224): warning C4996: 'strcat': This function or variable may be unsafe. Consider using strcat_s instead. To disable deprecation, use _CRT_SECURE_NO_WARNINGS. See online help for details.
                 c:\program files (x86)\microsoft visual studio 10.0\vc\include\string.h(110) : see declaration of 'strcat'
     1>c:\users\shubham\desktop\iit_guwahati\semester1\speech_processing\finalversion1\tile_flip\train_model_for_color\train_model_for_color\train_model_for_color.cpp(2225): warning C4996: 'sprintf': This function or variable may be unsafe. Consider using sprintf_s instead. To disable deprecation, use _CRT_SECURE_NO_WARNINGS. See online help for details.
                 c:\program files (x86)\microsoft visual studio 10.0\vc\include\stdio.h(371) : see declaration of 'sprintf'
     1>c:\users\shubham\desktop\iit_guwahati\semester1\speech_processing\finalversion1\tile_flip\train_model_for_color\train_model_for_color\train_model_for_color.cpp(2226): warning C4996: 'strcat': This function or variable may be unsafe. Consider using strcat_s instead. To disable deprecation, use _CRT_SECURE_NO_WARNINGS. See online help for details.
                 c:\program files (x86)\microsoft visual studio 10.0\vc\include\string.h(110) : see declaration of 'strcat'
     1>c:\users\shubham\desktop\iit_guwahati\semester1\speech_processing\finalversion1\tile_flip\train_model_for_color\train_model_for_color\train_model_for_color.cpp(2227): warning C4996: 'strcat': This function or variable may be unsafe. Consider using strcat_s instead. To disable deprecation, use _CRT_SECURE_NO_WARNINGS. See online help for details.
                 c:\program files (x86)\microsoft visual studio 10.0\vc\include\string.h(110) : see declaration of 'strcat'
     1>c:\users\shubham\desktop\iit_guwahati\semester1\speech_processing\finalversion1\tile_flip\train_model_for_color\train_model_for_color\train_model_for_color.cpp(2229): warning C4996: 'strcpy': This function or variable may be unsafe. Consider using strcpy_s instead. To disable deprecation, use _CRT_SECURE_NO_WARNINGS. See online help for details.
                 c:\program files (x86)\microsoft visual studio 10.0\vc\include\string.h(105) : see declaration of 'strcpy'
     1>c:\users\shubham\desktop\iit_guwahati\semester1\speech_processing\finalversion1\tile_flip\train_model_for_color\train_model_for_color\train_model_for_color.cpp(2230): warning C4996: 'sprintf': This function or variable may be unsafe. Consider using sprintf_s instead. To disable deprecation, use _CRT_SECURE_NO_WARNINGS. See online help for details.
                 c:\program files (x86)\microsoft visual studio 10.0\vc\include\stdio.h(371) : see declaration of 'sprintf'
     1>c:\users\shubham\desktop\iit_guwahati\semester1\speech_processing\finalversion1\tile_flip\train_model_for_color\train_model_for_color\train_model_for_color.cpp(2231): warning C4996: 'strcat': This function or variable may be unsafe. Consider using strcat_s instead. To disable deprecation, use _CRT_SECURE_NO_WARNINGS. See online help for details.
                 c:\program files (x86)\microsoft visual studio 10.0\vc\include\string.h(110) : see declaration of 'strcat'
     1>c:\users\shubham\desktop\iit_guwahati\semester1\speech_processing\finalversion1\tile_flip\train_model_for_color\train_model_for_color\train_model_for_color.cpp(2232): warning C4996: 'strcat': This function or variable may be unsafe. Consider using strcat_s instead. To disable deprecation, use _CRT_SECURE_NO_WARNINGS. See online help for details.
                 c:\program files (x86)\microsoft visual studio 10.0\vc\include\string.h(110) : see declaration of 'strcat'
     1>c:\users\shubham\desktop\iit_guwahati\semester1\speech_processing\finalversion1\tile_flip\train_model_for_color\train_model_for_color\train_model_for_color.cpp(2233): warning C4996: 'sprintf': This function or variable may be unsafe. Consider using sprintf_s instead. To disable deprecation, use _CRT_SECURE_NO_WARNINGS. See online help for details.
                 c:\program files (x86)\microsoft visual studio 10.0\vc\include\stdio.h(371) : see declaration of 'sprintf'
     1>c:\users\shubham\desktop\iit_guwahati\semester1\speech_processing\finalversion1\tile_flip\train_model_for_color\train_model_for_color\train_model_for_color.cpp(2234): warning C4996: 'strcat': This function or variable may be unsafe. Consider using strcat_s instead. To disable deprecation, use _CRT_SECURE_NO_WARNINGS. See online help for details.
                 c:\program files (x86)\microsoft visual studio 10.0\vc\include\string.h(110) : see declaration of 'strcat'
     1>c:\users\shubham\desktop\iit_guwahati\semester1\speech_processing\finalversion1\tile_flip\train_model_for_color\train_model_for_color\train_model_for_color.cpp(2235): warning C4996: 'strcat': This function or variable may be unsafe. Consider using strcat_s instead. To disable deprecation, use _CRT_SECURE_NO_WARNINGS. See online help for details.
                 c:\program files (x86)\microsoft visual studio 10.0\vc\include\string.h(110) : see declaration of 'strcat'
     1>c:\users\shubham\desktop\iit_guwahati\semester1\speech_processing\finalversion1\tile_flip\train_model_for_color\train_model_for_color\train_model_for_color.cpp(2237): warning C4996: 'strcpy': This function or variable may be unsafe. Consider using strcpy_s instead. To disable deprecation, use _CRT_SECURE_NO_WARNINGS. See online help for details.
                 c:\program files (x86)\microsoft visual studio 10.0\vc\include\string.h(105) : see declaration of 'strcpy'
     1>c:\users\shubham\desktop\iit_guwahati\semester1\speech_processing\finalversion1\tile_flip\train_model_for_color\train_model_for_color\train_model_for_color.cpp(2238): warning C4996: 'sprintf': This function or variable may be unsafe. Consider using sprintf_s instead. To disable deprecation, use _CRT_SECURE_NO_WARNINGS. See online help for details.
                 c:\program files (x86)\microsoft visual studio 10.0\vc\include\stdio.h(371) : see declaration of 'sprintf'
     1>c:\users\shubham\desktop\iit_guwahati\semester1\speech_processing\finalversion1\tile_flip\train_model_for_color\train_model_for_color\train_model_for_color.cpp(2239): warning C4996: 'strcat': This function or variable may be unsafe. Consider using strcat_s instead. To disable deprecation, use _CRT_SECURE_NO_WARNINGS. See online help for details.
                 c:\program files (x86)\microsoft visual studio 10.0\vc\include\string.h(110) : see declaration of 'strcat'
     1>c:\users\shubham\desktop\iit_guwahati\semester1\speech_processing\finalversion1\tile_flip\train_model_for_color\train_model_for_color\train_model_for_color.cpp(2240): warning C4996: 'strcat': This function or variable may be unsafe. Consider using strcat_s instead. To disable deprecation, use _CRT_SECURE_NO_WARNINGS. See online help for details.
                 c:\program files (x86)\microsoft visual studio 10.0\vc\include\string.h(110) : see declaration of 'strcat'
     1>c:\users\shubham\desktop\iit_guwahati\semester1\speech_processing\finalversion1\tile_flip\train_model_for_color\train_model_for_color\train_model_for_color.cpp(2241): warning C4996: 'sprintf': This function or variable may be unsafe. Consider using sprintf_s instead. To disable deprecation, use _CRT_SECURE_NO_WARNINGS. See online help for details.
                 c:\program files (x86)\microsoft visual studio 10.0\vc\include\stdio.h(371) : see declaration of 'sprintf'
     1>c:\users\shubham\desktop\iit_guwahati\semester1\speech_processing\finalversion1\tile_flip\train_model_for_color\train_model_for_color\train_model_for_color.cpp(2242): warning C4996: 'strcat': This function or variable may be unsafe. Consider using strcat_s instead. To disable deprecation, use _CRT_SECURE_NO_WARNINGS. See online help for details.
                 c:\program files (x86)\microsoft visual studio 10.0\vc\include\string.h(110) : see declaration of 'strcat'
     1>c:\users\shubham\desktop\iit_guwahati\semester1\speech_processing\finalversion1\tile_flip\train_model_for_color\train_model_for_color\train_model_for_color.cpp(2243): warning C4996: 'strcat': This function or variable may be unsafe. Consider using strcat_s instead. To disable deprecation, use _CRT_SECURE_NO_WARNINGS. See online help for details.
                 c:\program files (x86)\microsoft visual studio 10.0\vc\include\string.h(110) : see declaration of 'strcat'
     1>c:\users\shubham\desktop\iit_guwahati\semester1\speech_processing\finalversion1\tile_flip\train_model_for_color\train_model_for_color\train_model_for_color.cpp(2255): warning C4996: 'strcpy': This function or variable may be unsafe. Consider using strcpy_s instead. To disable deprecation, use _CRT_SECURE_NO_WARNINGS. See online help for details.
                 c:\program files (x86)\microsoft visual studio 10.0\vc\include\string.h(105) : see declaration of 'strcpy'
     1>c:\users\shubham\desktop\iit_guwahati\semester1\speech_processing\finalversion1\tile_flip\train_model_for_color\train_model_for_color\train_model_for_color.cpp(2256): warning C4996: 'sprintf': This function or variable may be unsafe. Consider using sprintf_s instead. To disable deprecation, use _CRT_SECURE_NO_WARNINGS. See online help for details.
                 c:\program files (x86)\microsoft visual studio 10.0\vc\include\stdio.h(371) : see declaration of 'sprintf'
     1>c:\users\shubham\desktop\iit_guwahati\semester1\speech_processing\finalversion1\tile_flip\train_model_for_color\train_model_for_color\train_model_for_color.cpp(2257): warning C4996: 'strcat': This function or variable may be unsafe. Consider using strcat_s instead. To disable deprecation, use _CRT_SECURE_NO_WARNINGS. See online help for details.
                 c:\program files (x86)\microsoft visual studio 10.0\vc\include\string.h(110) : see declaration of 'strcat'
     1>c:\users\shubham\desktop\iit_guwahati\semester1\speech_processing\finalversion1\tile_flip\train_model_for_color\train_model_for_color\train_model_for_color.cpp(2258): warning C4996: 'strcat': This function or variable may be unsafe. Consider using strcat_s instead. To disable deprecation, use _CRT_SECURE_NO_WARNINGS. See online help for details.
                 c:\program files (x86)\microsoft visual studio 10.0\vc\include\string.h(110) : see declaration of 'strcat'
     1>c:\users\shubham\desktop\iit_guwahati\semester1\speech_processing\finalversion1\tile_flip\train_model_for_color\train_model_for_color\train_model_for_color.cpp(2259): warning C4996: 'sprintf': This function or variable may be unsafe. Consider using sprintf_s instead. To disable deprecation, use _CRT_SECURE_NO_WARNINGS. See online help for details.
                 c:\program files (x86)\microsoft visual studio 10.0\vc\include\stdio.h(371) : see declaration of 'sprintf'
     1>c:\users\shubham\desktop\iit_guwahati\semester1\speech_processing\finalversion1\tile_flip\train_model_for_color\train_model_for_color\train_model_for_color.cpp(2260): warning C4996: 'strcat': This function or variable may be unsafe. Consider using strcat_s instead. To disable deprecation, use _CRT_SECURE_NO_WARNINGS. See online help for details.
                 c:\program files (x86)\microsoft visual studio 10.0\vc\include\string.h(110) : see declaration of 'strcat'
     1>c:\users\shubham\desktop\iit_guwahati\semester1\speech_processing\finalversion1\tile_flip\train_model_for_color\train_model_for_color\train_model_for_color.cpp(2261): warning C4996: 'strcat': This function or variable may be unsafe. Consider using strcat_s instead. To disable deprecation, use _CRT_SECURE_NO_WARNINGS. See online help for details.
                 c:\program files (x86)\microsoft visual studio 10.0\vc\include\string.h(110) : see declaration of 'strcat'
     1>c:\users\shubham\desktop\iit_guwahati\semester1\speech_processing\finalversion1\tile_flip\train_model_for_color\train_model_for_color\train_model_for_color.cpp(2263): warning C4996: 'strcpy': This function or variable may be unsafe. Consider using strcpy_s instead. To disable deprecation, use _CRT_SECURE_NO_WARNINGS. See online help for details.
                 c:\program files (x86)\microsoft visual studio 10.0\vc\include\string.h(105) : see declaration of 'strcpy'
     1>c:\users\shubham\desktop\iit_guwahati\semester1\speech_processing\finalversion1\tile_flip\train_model_for_color\train_model_for_color\train_model_for_color.cpp(2264): warning C4996: 'sprintf': This function or variable may be unsafe. Consider using sprintf_s instead. To disable deprecation, use _CRT_SECURE_NO_WARNINGS. See online help for details.
                 c:\program files (x86)\microsoft visual studio 10.0\vc\include\stdio.h(371) : see declaration of 'sprintf'
     1>c:\users\shubham\desktop\iit_guwahati\semester1\speech_processing\finalversion1\tile_flip\train_model_for_color\train_model_for_color\train_model_for_color.cpp(2265): warning C4996: 'strcat': This function or variable may be unsafe. Consider using strcat_s instead. To disable deprecation, use _CRT_SECURE_NO_WARNINGS. See online help for details.
                 c:\program files (x86)\microsoft visual studio 10.0\vc\include\string.h(110) : see declaration of 'strcat'
     1>c:\users\shubham\desktop\iit_guwahati\semester1\speech_processing\finalversion1\tile_flip\train_model_for_color\train_model_for_color\train_model_for_color.cpp(2266): warning C4996: 'strcat': This function or variable may be unsafe. Consider using strcat_s instead. To disable deprecation, use _CRT_SECURE_NO_WARNINGS. See online help for details.
                 c:\program files (x86)\microsoft visual studio 10.0\vc\include\string.h(110) : see declaration of 'strcat'
     1>c:\users\shubham\desktop\iit_guwahati\semester1\speech_processing\finalversion1\tile_flip\train_model_for_color\train_model_for_color\train_model_for_color.cpp(2267): warning C4996: 'sprintf': This function or variable may be unsafe. Consider using sprintf_s instead. To disable deprecation, use _CRT_SECURE_NO_WARNINGS. See online help for details.
                 c:\program files (x86)\microsoft visual studio 10.0\vc\include\stdio.h(371) : see declaration of 'sprintf'
     1>c:\users\shubham\desktop\iit_guwahati\semester1\speech_processing\finalversion1\tile_flip\train_model_for_color\train_model_for_color\train_model_for_color.cpp(2268): warning C4996: 'strcat': This function or variable may be unsafe. Consider using strcat_s instead. To disable deprecation, use _CRT_SECURE_NO_WARNINGS. See online help for details.
                 c:\program files (x86)\microsoft visual studio 10.0\vc\include\string.h(110) : see declaration of 'strcat'
     1>c:\users\shubham\desktop\iit_guwahati\semester1\speech_processing\finalversion1\tile_flip\train_model_for_color\train_model_for_color\train_model_for_color.cpp(2269): warning C4996: 'strcat': This function or variable may be unsafe. Consider using strcat_s instead. To disable deprecation, use _CRT_SECURE_NO_WARNINGS. See online help for details.
                 c:\program files (x86)\microsoft visual studio 10.0\vc\include\string.h(110) : see declaration of 'strcat'
     1>c:\users\shubham\desktop\iit_guwahati\semester1\speech_processing\finalversion1\tile_flip\train_model_for_color\train_model_for_color\train_model_for_color.cpp(2271): warning C4996: 'strcpy': This function or variable may be unsafe. Consider using strcpy_s instead. To disable deprecation, use _CRT_SECURE_NO_WARNINGS. See online help for details.
                 c:\program files (x86)\microsoft visual studio 10.0\vc\include\string.h(105) : see declaration of 'strcpy'
     1>c:\users\shubham\desktop\iit_guwahati\semester1\speech_processing\finalversion1\tile_flip\train_model_for_color\train_model_for_color\train_model_for_color.cpp(2272): warning C4996: 'sprintf': This function or variable may be unsafe. Consider using sprintf_s instead. To disable deprecation, use _CRT_SECURE_NO_WARNINGS. See online help for details.
                 c:\program files (x86)\microsoft visual studio 10.0\vc\include\stdio.h(371) : see declaration of 'sprintf'
     1>c:\users\shubham\desktop\iit_guwahati\semester1\speech_processing\finalversion1\tile_flip\train_model_for_color\train_model_for_color\train_model_for_color.cpp(2273): warning C4996: 'strcat': This function or variable may be unsafe. Consider using strcat_s instead. To disable deprecation, use _CRT_SECURE_NO_WARNINGS. See online help for details.
                 c:\program files (x86)\microsoft visual studio 10.0\vc\include\string.h(110) : see declaration of 'strcat'
     1>c:\users\shubham\desktop\iit_guwahati\semester1\speech_processing\finalversion1\tile_flip\train_model_for_color\train_model_for_color\train_model_for_color.cpp(2274): warning C4996: 'strcat': This function or variable may be unsafe. Consider using strcat_s instead. To disable deprecation, use _CRT_SECURE_NO_WARNINGS. See online help for details.
                 c:\program files (x86)\microsoft visual studio 10.0\vc\include\string.h(110) : see declaration of 'strcat'
     1>c:\users\shubham\desktop\iit_guwahati\semester1\speech_processing\finalversion1\tile_flip\train_model_for_color\train_model_for_color\train_model_for_color.cpp(2275): warning C4996: 'sprintf': This function or variable may be unsafe. Consider using sprintf_s instead. To disable deprecation, use _CRT_SECURE_NO_WARNINGS. See online help for details.
                 c:\program files (x86)\microsoft visual studio 10.0\vc\include\stdio.h(371) : see declaration of 'sprintf'
     1>c:\users\shubham\desktop\iit_guwahati\semester1\speech_processing\finalversion1\tile_flip\train_model_for_color\train_model_for_color\train_model_for_color.cpp(2276): warning C4996: 'strcat': This function or variable may be unsafe. Consider using strcat_s instead. To disable deprecation, use _CRT_SECURE_NO_WARNINGS. See online help for details.
                 c:\program files (x86)\microsoft visual studio 10.0\vc\include\string.h(110) : see declaration of 'strcat'
     1>c:\users\shubham\desktop\iit_guwahati\semester1\speech_processing\finalversion1\tile_flip\train_model_for_color\train_model_for_color\train_model_for_color.cpp(2277): warning C4996: 'strcat': This function or variable may be unsafe. Consider using strcat_s instead. To disable deprecation, use _CRT_SECURE_NO_WARNINGS. See online help for details.
                 c:\program files (x86)\microsoft visual studio 10.0\vc\include\string.h(110) : see declaration of 'strcat'
     1>c:\users\shubham\desktop\iit_guwahati\semester1\speech_processing\finalversion1\tile_flip\train_model_for_color\train_model_for_color\train_model_for_color.cpp(2281): warning C4996: 'fopen': This function or variable may be unsafe. Consider using fopen_s instead. To disable deprecation, use _CRT_SECURE_NO_WARNINGS. See online help for details.
                 c:\program files (x86)\microsoft visual studio 10.0\vc\include\stdio.h(234) : see declaration of 'fopen'
     1>c:\users\shubham\desktop\iit_guwahati\semester1\speech_processing\finalversion1\tile_flip\train_model_for_color\train_model_for_color\train_model_for_color.cpp(2282): warning C4996: 'fopen': This function or variable may be unsafe. Consider using fopen_s instead. To disable deprecation, use _CRT_SECURE_NO_WARNINGS. See online help for details.
                 c:\program files (x86)\microsoft visual studio 10.0\vc\include\stdio.h(234) : see declaration of 'fopen'
     1>c:\users\shubham\desktop\iit_guwahati\semester1\speech_processing\finalversion1\tile_flip\train_model_for_color\train_model_for_color\train_model_for_color.cpp(2283): warning C4996: 'fopen': This function or variable may be unsafe. Consider using fopen_s instead. To disable deprecation, use _CRT_SECURE_NO_WARNINGS. See online help for details.
                 c:\program files (x86)\microsoft visual studio 10.0\vc\include\stdio.h(234) : see declaration of 'fopen'
     1>c:\users\shubham\desktop\iit_guwahati\semester1\speech_processing\finalversion1\tile_flip\train_model_for_color\train_model_for_color\train_model_for_color.cpp(2340): warning C4996: 'strcpy': This function or variable may be unsafe. Consider using strcpy_s instead. To disable deprecation, use _CRT_SECURE_NO_WARNINGS. See online help for details.
                 c:\program files (x86)\microsoft visual studio 10.0\vc\include\string.h(105) : see declaration of 'strcpy'
     1>c:\users\shubham\desktop\iit_guwahati\semester1\speech_processing\finalversion1\tile_flip\train_model_for_color\train_model_for_color\train_model_for_color.cpp(2341): warning C4996: 'sprintf': This function or variable may be unsafe. Consider using sprintf_s instead. To disable deprecation, use _CRT_SECURE_NO_WARNINGS. See online help for details.
                 c:\program files (x86)\microsoft visual studio 10.0\vc\include\stdio.h(371) : see declaration of 'sprintf'
     1>c:\users\shubham\desktop\iit_guwahati\semester1\speech_processing\finalversion1\tile_flip\train_model_for_color\train_model_for_color\train_model_for_color.cpp(2342): warning C4996: 'strcat': This function or variable may be unsafe. Consider using strcat_s instead. To disable deprecation, use _CRT_SECURE_NO_WARNINGS. See online help for details.
                 c:\program files (x86)\microsoft visual studio 10.0\vc\include\string.h(110) : see declaration of 'strcat'
     1>c:\users\shubham\desktop\iit_guwahati\semester1\speech_processing\finalversion1\tile_flip\train_model_for_color\train_model_for_color\train_model_for_color.cpp(2343): warning C4996: 'strcat': This function or variable may be unsafe. Consider using strcat_s instead. To disable deprecation, use _CRT_SECURE_NO_WARNINGS. See online help for details.
                 c:\program files (x86)\microsoft visual studio 10.0\vc\include\string.h(110) : see declaration of 'strcat'
     1>c:\users\shubham\desktop\iit_guwahati\semester1\speech_processing\finalversion1\tile_flip\train_model_for_color\train_model_for_color\train_model_for_color.cpp(2344): warning C4996: 'sprintf': This function or variable may be unsafe. Consider using sprintf_s instead. To disable deprecation, use _CRT_SECURE_NO_WARNINGS. See online help for details.
                 c:\program files (x86)\microsoft visual studio 10.0\vc\include\stdio.h(371) : see declaration of 'sprintf'
     1>c:\users\shubham\desktop\iit_guwahati\semester1\speech_processing\finalversion1\tile_flip\train_model_for_color\train_model_for_color\train_model_for_color.cpp(2345): warning C4996: 'strcat': This function or variable may be unsafe. Consider using strcat_s instead. To disable deprecation, use _CRT_SECURE_NO_WARNINGS. See online help for details.
                 c:\program files (x86)\microsoft visual studio 10.0\vc\include\string.h(110) : see declaration of 'strcat'
     1>c:\users\shubham\desktop\iit_guwahati\semester1\speech_processing\finalversion1\tile_flip\train_model_for_color\train_model_for_color\train_model_for_color.cpp(2346): warning C4996: 'strcat': This function or variable may be unsafe. Consider using strcat_s instead. To disable deprecation, use _CRT_SECURE_NO_WARNINGS. See online help for details.
                 c:\program files (x86)\microsoft visual studio 10.0\vc\include\string.h(110) : see declaration of 'strcat'
     1>c:\users\shubham\desktop\iit_guwahati\semester1\speech_processing\finalversion1\tile_flip\train_model_for_color\train_model_for_color\train_model_for_color.cpp(2348): warning C4996: 'strcpy': This function or variable may be unsafe. Consider using strcpy_s instead. To disable deprecation, use _CRT_SECURE_NO_WARNINGS. See online help for details.
                 c:\program files (x86)\microsoft visual studio 10.0\vc\include\string.h(105) : see declaration of 'strcpy'
     1>c:\users\shubham\desktop\iit_guwahati\semester1\speech_processing\finalversion1\tile_flip\train_model_for_color\train_model_for_color\train_model_for_color.cpp(2349): warning C4996: 'sprintf': This function or variable may be unsafe. Consider using sprintf_s instead. To disable deprecation, use _CRT_SECURE_NO_WARNINGS. See online help for details.
                 c:\program files (x86)\microsoft visual studio 10.0\vc\include\stdio.h(371) : see declaration of 'sprintf'
     1>c:\users\shubham\desktop\iit_guwahati\semester1\speech_processing\finalversion1\tile_flip\train_model_for_color\train_model_for_color\train_model_for_color.cpp(2350): warning C4996: 'strcat': This function or variable may be unsafe. Consider using strcat_s instead. To disable deprecation, use _CRT_SECURE_NO_WARNINGS. See online help for details.
                 c:\program files (x86)\microsoft visual studio 10.0\vc\include\string.h(110) : see declaration of 'strcat'
     1>c:\users\shubham\desktop\iit_guwahati\semester1\speech_processing\finalversion1\tile_flip\train_model_for_color\train_model_for_color\train_model_for_color.cpp(2351): warning C4996: 'strcat': This function or variable may be unsafe. Consider using strcat_s instead. To disable deprecation, use _CRT_SECURE_NO_WARNINGS. See online help for details.
                 c:\program files (x86)\microsoft visual studio 10.0\vc\include\string.h(110) : see declaration of 'strcat'
     1>c:\users\shubham\desktop\iit_guwahati\semester1\speech_processing\finalversion1\tile_flip\train_model_for_color\train_model_for_color\train_model_for_color.cpp(2352): warning C4996: 'sprintf': This function or variable may be unsafe. Consider using sprintf_s instead. To disable deprecation, use _CRT_SECURE_NO_WARNINGS. See online help for details.
                 c:\program files (x86)\microsoft visual studio 10.0\vc\include\stdio.h(371) : see declaration of 'sprintf'
     1>c:\users\shubham\desktop\iit_guwahati\semester1\speech_processing\finalversion1\tile_flip\train_model_for_color\train_model_for_color\train_model_for_color.cpp(2353): warning C4996: 'strcat': This function or variable may be unsafe. Consider using strcat_s instead. To disable deprecation, use _CRT_SECURE_NO_WARNINGS. See online help for details.
                 c:\program files (x86)\microsoft visual studio 10.0\vc\include\string.h(110) : see declaration of 'strcat'
     1>c:\users\shubham\desktop\iit_guwahati\semester1\speech_processing\finalversion1\tile_flip\train_model_for_color\train_model_for_color\train_model_for_color.cpp(2354): warning C4996: 'strcat': This function or variable may be unsafe. Consider using strcat_s instead. To disable deprecation, use _CRT_SECURE_NO_WARNINGS. See online help for details.
                 c:\program files (x86)\microsoft visual studio 10.0\vc\include\string.h(110) : see declaration of 'strcat'
     1>c:\users\shubham\desktop\iit_guwahati\semester1\speech_processing\finalversion1\tile_flip\train_model_for_color\train_model_for_color\train_model_for_color.cpp(2356): warning C4996: 'strcpy': This function or variable may be unsafe. Consider using strcpy_s instead. To disable deprecation, use _CRT_SECURE_NO_WARNINGS. See online help for details.
                 c:\program files (x86)\microsoft visual studio 10.0\vc\include\string.h(105) : see declaration of 'strcpy'
     1>c:\users\shubham\desktop\iit_guwahati\semester1\speech_processing\finalversion1\tile_flip\train_model_for_color\train_model_for_color\train_model_for_color.cpp(2357): warning C4996: 'sprintf': This function or variable may be unsafe. Consider using sprintf_s instead. To disable deprecation, use _CRT_SECURE_NO_WARNINGS. See online help for details.
                 c:\program files (x86)\microsoft visual studio 10.0\vc\include\stdio.h(371) : see declaration of 'sprintf'
     1>c:\users\shubham\desktop\iit_guwahati\semester1\speech_processing\finalversion1\tile_flip\train_model_for_color\train_model_for_color\train_model_for_color.cpp(2358): warning C4996: 'strcat': This function or variable may be unsafe. Consider using strcat_s instead. To disable deprecation, use _CRT_SECURE_NO_WARNINGS. See online help for details.
                 c:\program files (x86)\microsoft visual studio 10.0\vc\include\string.h(110) : see declaration of 'strcat'
     1>c:\users\shubham\desktop\iit_guwahati\semester1\speech_processing\finalversion1\tile_flip\train_model_for_color\train_model_for_color\train_model_for_color.cpp(2359): warning C4996: 'strcat': This function or variable may be unsafe. Consider using strcat_s instead. To disable deprecation, use _CRT_SECURE_NO_WARNINGS. See online help for details.
                 c:\program files (x86)\microsoft visual studio 10.0\vc\include\string.h(110) : see declaration of 'strcat'
     1>c:\users\shubham\desktop\iit_guwahati\semester1\speech_processing\finalversion1\tile_flip\train_model_for_color\train_model_for_color\train_model_for_color.cpp(2360): warning C4996: 'sprintf': This function or variable may be unsafe. Consider using sprintf_s instead. To disable deprecation, use _CRT_SECURE_NO_WARNINGS. See online help for details.
                 c:\program files (x86)\microsoft visual studio 10.0\vc\include\stdio.h(371) : see declaration of 'sprintf'
     1>c:\users\shubham\desktop\iit_guwahati\semester1\speech_processing\finalversion1\tile_flip\train_model_for_color\train_model_for_color\train_model_for_color.cpp(2361): warning C4996: 'strcat': This function or variable may be unsafe. Consider using strcat_s instead. To disable deprecation, use _CRT_SECURE_NO_WARNINGS. See online help for details.
                 c:\program files (x86)\microsoft visual studio 10.0\vc\include\string.h(110) : see declaration of 'strcat'
     1>c:\users\shubham\desktop\iit_guwahati\semester1\speech_processing\finalversion1\tile_flip\train_model_for_color\train_model_for_color\train_model_for_color.cpp(2362): warning C4996: 'strcat': This function or variable may be unsafe. Consider using strcat_s instead. To disable deprecation, use _CRT_SECURE_NO_WARNINGS. See online help for details.
                 c:\program files (x86)\microsoft visual studio 10.0\vc\include\string.h(110) : see declaration of 'strcat'
     1>c:\users\shubham\desktop\iit_guwahati\semester1\speech_processing\finalversion1\tile_flip\train_model_for_color\train_model_for_color\train_model_for_color.cpp(2366): warning C4996: 'strcpy': This function or variable may be unsafe. Consider using strcpy_s instead. To disable deprecation, use _CRT_SECURE_NO_WARNINGS. See online help for details.
                 c:\program files (x86)\microsoft visual studio 10.0\vc\include\string.h(105) : see declaration of 'strcpy'
     1>c:\users\shubham\desktop\iit_guwahati\semester1\speech_processing\finalversion1\tile_flip\train_model_for_color\train_model_for_color\train_model_for_color.cpp(2367): warning C4996: 'sprintf': This function or variable may be unsafe. Consider using sprintf_s instead. To disable deprecation, use _CRT_SECURE_NO_WARNINGS. See online help for details.
                 c:\program files (x86)\microsoft visual studio 10.0\vc\include\stdio.h(371) : see declaration of 'sprintf'
     1>c:\users\shubham\desktop\iit_guwahati\semester1\speech_processing\finalversion1\tile_flip\train_model_for_color\train_model_for_color\train_model_for_color.cpp(2368): warning C4996: 'strcat': This function or variable may be unsafe. Consider using strcat_s instead. To disable deprecation, use _CRT_SECURE_NO_WARNINGS. See online help for details.
                 c:\program files (x86)\microsoft visual studio 10.0\vc\include\string.h(110) : see declaration of 'strcat'
     1>c:\users\shubham\desktop\iit_guwahati\semester1\speech_processing\finalversion1\tile_flip\train_model_for_color\train_model_for_color\train_model_for_color.cpp(2369): warning C4996: 'strcat': This function or variable may be unsafe. Consider using strcat_s instead. To disable deprecation, use _CRT_SECURE_NO_WARNINGS. See online help for details.
                 c:\program files (x86)\microsoft visual studio 10.0\vc\include\string.h(110) : see declaration of 'strcat'
     1>c:\users\shubham\desktop\iit_guwahati\semester1\speech_processing\finalversion1\tile_flip\train_model_for_color\train_model_for_color\train_model_for_color.cpp(2371): warning C4996: 'strcpy': This function or variable may be unsafe. Consider using strcpy_s instead. To disable deprecation, use _CRT_SECURE_NO_WARNINGS. See online help for details.
                 c:\program files (x86)\microsoft visual studio 10.0\vc\include\string.h(105) : see declaration of 'strcpy'
     1>c:\users\shubham\desktop\iit_guwahati\semester1\speech_processing\finalversion1\tile_flip\train_model_for_color\train_model_for_color\train_model_for_color.cpp(2372): warning C4996: 'sprintf': This function or variable may be unsafe. Consider using sprintf_s instead. To disable deprecation, use _CRT_SECURE_NO_WARNINGS. See online help for details.
                 c:\program files (x86)\microsoft visual studio 10.0\vc\include\stdio.h(371) : see declaration of 'sprintf'
     1>c:\users\shubham\desktop\iit_guwahati\semester1\speech_processing\finalversion1\tile_flip\train_model_for_color\train_model_for_color\train_model_for_color.cpp(2373): warning C4996: 'strcat': This function or variable may be unsafe. Consider using strcat_s instead. To disable deprecation, use _CRT_SECURE_NO_WARNINGS. See online help for details.
                 c:\program files (x86)\microsoft visual studio 10.0\vc\include\string.h(110) : see declaration of 'strcat'
     1>c:\users\shubham\desktop\iit_guwahati\semester1\speech_processing\finalversion1\tile_flip\train_model_for_color\train_model_for_color\train_model_for_color.cpp(2374): warning C4996: 'strcat': This function or variable may be unsafe. Consider using strcat_s instead. To disable deprecation, use _CRT_SECURE_NO_WARNINGS. See online help for details.
                 c:\program files (x86)\microsoft visual studio 10.0\vc\include\string.h(110) : see declaration of 'strcat'
     1>c:\users\shubham\desktop\iit_guwahati\semester1\speech_processing\finalversion1\tile_flip\train_model_for_color\train_model_for_color\train_model_for_color.cpp(2376): warning C4996: 'strcpy': This function or variable may be unsafe. Consider using strcpy_s instead. To disable deprecation, use _CRT_SECURE_NO_WARNINGS. See online help for details.
                 c:\program files (x86)\microsoft visual studio 10.0\vc\include\string.h(105) : see declaration of 'strcpy'
     1>c:\users\shubham\desktop\iit_guwahati\semester1\speech_processing\finalversion1\tile_flip\train_model_for_color\train_model_for_color\train_model_for_color.cpp(2377): warning C4996: 'sprintf': This function or variable may be unsafe. Consider using sprintf_s instead. To disable deprecation, use _CRT_SECURE_NO_WARNINGS. See online help for details.
                 c:\program files (x86)\microsoft visual studio 10.0\vc\include\stdio.h(371) : see declaration of 'sprintf'
     1>c:\users\shubham\desktop\iit_guwahati\semester1\speech_processing\finalversion1\tile_flip\train_model_for_color\train_model_for_color\train_model_for_color.cpp(2378): warning C4996: 'strcat': This function or variable may be unsafe. Consider using strcat_s instead. To disable deprecation, use _CRT_SECURE_NO_WARNINGS. See online help for details.
                 c:\program files (x86)\microsoft visual studio 10.0\vc\include\string.h(110) : see declaration of 'strcat'
     1>c:\users\shubham\desktop\iit_guwahati\semester1\speech_processing\finalversion1\tile_flip\train_model_for_color\train_model_for_color\train_model_for_color.cpp(2379): warning C4996: 'strcat': This function or variable may be unsafe. Consider using strcat_s instead. To disable deprecation, use _CRT_SECURE_NO_WARNINGS. See online help for details.
                 c:\program files (x86)\microsoft visual studio 10.0\vc\include\string.h(110) : see declaration of 'strcat'
     1>c:\users\shubham\desktop\iit_guwahati\semester1\speech_processing\finalversion1\tile_flip\train_model_for_color\train_model_for_color\train_model_for_color.cpp(2381): warning C4996: 'fopen': This function or variable may be unsafe. Consider using fopen_s instead. To disable deprecation, use _CRT_SECURE_NO_WARNINGS. See online help for details.
                 c:\program files (x86)\microsoft visual studio 10.0\vc\include\stdio.h(234) : see declaration of 'fopen'
     1>c:\users\shubham\desktop\iit_guwahati\semester1\speech_processing\finalversion1\tile_flip\train_model_for_color\train_model_for_color\train_model_for_color.cpp(2382): warning C4996: 'fopen': This function or variable may be unsafe. Consider using fopen_s instead. To disable deprecation, use _CRT_SECURE_NO_WARNINGS. See online help for details.
                 c:\program files (x86)\microsoft visual studio 10.0\vc\include\stdio.h(234) : see declaration of 'fopen'
     1>c:\users\shubham\desktop\iit_guwahati\semester1\speech_processing\finalversion1\tile_flip\train_model_for_color\train_model_for_color\train_model_for_color.cpp(2383): warning C4996: 'fopen': This function or variable may be unsafe. Consider using fopen_s instead. To disable deprecation, use _CRT_SECURE_NO_WARNINGS. See online help for details.
                 c:\program files (x86)\microsoft visual studio 10.0\vc\include\stdio.h(234) : see declaration of 'fopen'
     1>c:\users\shubham\desktop\iit_guwahati\semester1\speech_processing\finalversion1\tile_flip\train_model_for_color\train_model_for_color\train_model_for_color.cpp(2396): warning C4129: ' ' : unrecognized character escape sequence
     1>c:\users\shubham\desktop\iit_guwahati\semester1\speech_processing\finalversion1\tile_flip\train_model_for_color\train_model_for_color\train_model_for_color.cpp(2404): warning C4996: 'scanf': This function or variable may be unsafe. Consider using scanf_s instead. To disable deprecation, use _CRT_SECURE_NO_WARNINGS. See online help for details.
                 c:\program files (x86)\microsoft visual studio 10.0\vc\include\stdio.h(304) : see declaration of 'scanf'
     1>c:\users\shubham\desktop\iit_guwahati\semester1\speech_processing\finalversion1\tile_flip\train_model_for_color\train_model_for_color\train_model_for_color.cpp(2402): warning C4102: 'exit' : unreferenced label
     1>c:\users\shubham\desktop\iit_guwahati\semester1\speech_processing\finalversion1\tile_flip\train_model_for_color\train_model_for_color\train_model_for_color.cpp(2079): warning C4101: 'user_choice' : unreferenced local variable
     1>c:\users\shubham\desktop\iit_guwahati\semester1\speech_processing\finalversion1\tile_flip\train_model_for_color\train_model_for_color\train_model_for_color.cpp(2071): warning C4101: 'reference_file_name' : unreferenced local variable
     1>c:\users\shubham\desktop\iit_guwahati\semester1\speech_processing\finalversion1\tile_flip\train_model_for_color\train_model_for_color\train_model_for_color.cpp(2083): warning C4101: 'obs_seq_open' : unreferenced local variable
     1>c:\users\shubham\desktop\iit_guwahati\semester1\speech_processing\finalversion1\tile_flip\train_model_for_color\train_model_for_color\train_model_for_color.cpp(2057): warning C4101: 'enter' : unreferenced local variable
     1>c:\users\shubham\desktop\iit_guwahati\semester1\speech_processing\finalversion1\tile_flip\train_model_for_color\train_model_for_color\train_model_for_color.cpp(2080): warning C4101: 'color_spoken' : unreferenced local variable
       ManifestResourceCompile:
         All outputs are up-to-date.
       Link:
         C:\Program Files (x86)\Microsoft Visual Studio 10.0\VC\bin\link.exe /ERRORREPORT:PROMPT /OUT:"C:\Users\shubham\Desktop\IIT_Guwahati\Semester1\speech_processing\FinalVersion1\TILE_FLIP\Train_model_for_color\Debug\Train_model_for_color.exe" /INCREMENTAL /NOLOGO kernel32.lib user32.lib gdi32.lib winspool.lib comdlg32.lib advapi32.lib shell32.lib ole32.lib oleaut32.lib uuid.lib odbc32.lib odbccp32.lib /MANIFEST /ManifestFile:"Debug\Train_model_for_color.exe.intermediate.manifest" /MANIFESTUAC:"level='asInvoker' uiAccess='false'" /DEBUG /PDB:"C:\Users\shubham\Desktop\IIT_Guwahati\Semester1\speech_processing\FinalVersion1\TILE_FLIP\Train_model_for_color\Debug\Train_model_for_color.pdb" /SUBSYSTEM:CONSOLE /TLBID:1 /DYNAMICBASE /NXCOMPAT /IMPLIB:"C:\Users\shubham\Desktop\IIT_Guwahati\Semester1\speech_processing\FinalVersion1\TILE_FLIP\Train_model_for_color\Debug\Train_model_for_color.lib" /MACHINE:X86 Debug\Train_model_for_color.exe.embed.manifest.res
         Debug\stdafx.obj
         Debug\Train_model_for_color.obj
       Manifest:
         C:\Program Files (x86)\Microsoft SDKs\Windows\v7.0A\bin\mt.exe /nologo /verbose /out:"Debug\Train_model_for_color.exe.embed.manifest" /manifest Debug\Train_model_for_color.exe.intermediate.manifest
         All outputs are up-to-date.
       LinkEmbedManifest:
         All outputs are up-to-date.
         Train_model_for_color.vcxproj -> C:\Users\shubham\Desktop\IIT_Guwahati\Semester1\speech_processing\FinalVersion1\TILE_FLIP\Train_model_for_color\Debug\Train_model_for_color.exe
       FinalizeBuildStatus:
         Deleting file "Debug\Train_model_for_color.unsuccessfulbuild".
         Touching "Debug\Train_model_for_color.lastbuildstate".
     1>Done Building Project "C:\Users\shubham\Desktop\IIT_Guwahati\Semester1\speech_processing\FinalVersion1\TILE_FLIP\Train_model_for_color\Train_model_for_color\Train_model_for_color.vcxproj" (build target(s)).

Build succeeded.

Time Elapsed 00:00:01.37
